<?xml version="1.0" encoding="UTF-8"?>
<coverage generated="1754684314868" clover="3.2.0">
  <project timestamp="1754684314868" name="All files">
    <metrics statements="53" coveredstatements="34" conditionals="20" coveredconditionals="11" methods="24" coveredmethods="13" elements="97" coveredelements="58" complexity="0" loc="53" ncloc="53" packages="2" files="6" classes="6"/>
    <package name="src">
      <metrics statements="40" coveredstatements="26" conditionals="16" coveredconditionals="10" methods="15" coveredmethods="8"/>
      <file name="App.tsx" path="C:/Users/vipin/OneDrive/Desktop/dev/GIT HUB/Quzical/src/App.tsx">
        <metrics statements="38" coveredstatements="25" conditionals="16" coveredconditionals="10" methods="15" coveredmethods="8"/>
        <line num="36" count="3" type="stmt"/>
        <line num="38" count="3" type="stmt"/>
        <line num="39" count="3" type="stmt"/>
        <line num="40" count="3" type="stmt"/>
        <line num="41" count="3" type="stmt"/>
        <line num="43" count="3" type="stmt"/>
        <line num="45" count="3" type="stmt"/>
        <line num="46" count="1" type="cond" truecount="1" falsecount="1"/>
        <line num="47" count="1" type="stmt"/>
        <line num="49" count="1" type="stmt"/>
        <line num="52" count="1" type="cond" truecount="1" falsecount="1"/>
        <line num="53" count="0" type="stmt"/>
        <line num="55" count="1" type="stmt"/>
        <line num="56" count="1" type="cond" truecount="1" falsecount="1"/>
        <line num="57" count="1" type="stmt"/>
        <line num="61" count="1" type="stmt"/>
        <line num="62" count="1" type="stmt"/>
        <line num="64" count="1" type="stmt"/>
        <line num="68" count="1" type="stmt"/>
        <line num="71" count="5" type="stmt"/>
        <line num="81" count="1" type="stmt"/>
        <line num="82" count="0" type="stmt"/>
        <line num="86" count="3" type="stmt"/>
        <line num="87" count="1" type="stmt"/>
        <line num="93" count="0" type="stmt"/>
        <line num="94" count="0" type="stmt"/>
        <line num="95" count="0" type="cond" truecount="0" falsecount="2"/>
        <line num="96" count="0" type="stmt"/>
        <line num="103" count="0" type="stmt"/>
        <line num="109" count="1" type="stmt"/>
        <line num="110" count="1" type="stmt"/>
        <line num="113" count="0" type="stmt"/>
        <line num="114" count="0" type="stmt"/>
        <line num="117" count="0" type="stmt"/>
        <line num="118" count="0" type="stmt"/>
        <line num="119" count="0" type="stmt"/>
        <line num="120" count="0" type="stmt"/>
        <line num="123" count="3" type="stmt"/>
      </file>
      <file name="main.tsx" path="C:/Users/vipin/OneDrive/Desktop/dev/GIT HUB/Quzical/src/main.tsx">
        <metrics statements="1" coveredstatements="0" conditionals="0" coveredconditionals="0" methods="0" coveredmethods="0"/>
        <line num="6" count="0" type="stmt"/>
      </file>
      <file name="mock-data.ts" path="C:/Users/vipin/OneDrive/Desktop/dev/GIT HUB/Quzical/src/mock-data.ts">
        <metrics statements="1" coveredstatements="1" conditionals="0" coveredconditionals="0" methods="0" coveredmethods="0"/>
        <line num="3" count="2" type="stmt"/>
      </file>
    </package>
    <package name="src.components">
      <metrics statements="13" coveredstatements="8" conditionals="4" coveredconditionals="1" methods="9" coveredmethods="5"/>
      <file name="StartAnswer.tsx" path="C:/Users/vipin/OneDrive/Desktop/dev/GIT HUB/Quzical/src/components/StartAnswer.tsx">
        <metrics statements="5" coveredstatements="2" conditionals="2" coveredconditionals="0" methods="3" coveredmethods="1"/>
        <line num="26" count="1" type="stmt"/>
        <line num="27" count="0" type="stmt"/>
        <line num="28" count="0" type="stmt"/>
        <line num="37" count="0" type="stmt"/>
        <line num="51" count="1" type="stmt"/>
      </file>
      <file name="StartQuestion.tsx" path="C:/Users/vipin/OneDrive/Desktop/dev/GIT HUB/Quzical/src/components/StartQuestion.tsx">
        <metrics statements="7" coveredstatements="5" conditionals="2" coveredconditionals="1" methods="5" coveredmethods="3"/>
        <line num="26" count="0" type="stmt"/>
        <line num="31" count="2" type="stmt"/>
        <line num="32" count="1" type="stmt"/>
        <line num="33" count="4" type="stmt"/>
        <line num="38" count="0" type="stmt"/>
        <line num="45" count="1" type="stmt"/>
        <line num="54" count="2" type="stmt"/>
      </file>
      <file name="StartQuiz.tsx" path="C:/Users/vipin/OneDrive/Desktop/dev/GIT HUB/Quzical/src/components/StartQuiz.tsx">
        <metrics statements="1" coveredstatements="1" conditionals="0" coveredconditionals="0" methods="1" coveredmethods="1"/>
        <line num="8" count="2" type="stmt"/>
      </file>
    </package>
  </project>
</coverage>
