{"C:/Users/vipin/OneDrive/Desktop/dev/GIT HUB/Quzical/src/App.tsx": {"path":"C:/Users/vipin/OneDrive/Desktop/dev/GIT HUB/Quzical/src/App.tsx","statementMap":{"0":{"start":{"line":36,"column":40},"end":{"line":36,"column":null}},"1":{"start":{"line":38,"column":4},"end":{"line":38,"column":null}},"2":{"start":{"line":39,"column":50},"end":{"line":39,"column":null}},"3":{"start":{"line":40,"column":36},"end":{"line":40,"column":null}},"4":{"start":{"line":41,"column":38},"end":{"line":41,"column":null}},"5":{"start":{"line":43,"column":19},"end":{"line":43,"column":null}},"6":{"start":{"line":45,"column":2},"end":{"line":83,"column":null}},"7":{"start":{"line":46,"column":4},"end":{"line":46,"column":null}},"8":{"start":{"line":46,"column":26},"end":{"line":46,"column":null}},"9":{"start":{"line":47,"column":4},"end":{"line":47,"column":null}},"10":{"start":{"line":49,"column":20},"end":{"line":49,"column":null}},"11":{"start":{"line":52,"column":4},"end":{"line":59,"column":null}},"12":{"start":{"line":53,"column":6},"end":{"line":53,"column":null}},"13":{"start":{"line":55,"column":6},"end":{"line":58,"column":null}},"14":{"start":{"line":56,"column":8},"end":{"line":56,"column":null}},"15":{"start":{"line":56,"column":21},"end":{"line":56,"column":null}},"16":{"start":{"line":57,"column":8},"end":{"line":57,"column":null}},"17":{"start":{"line":61,"column":4},"end":{"line":82,"column":null}},"18":{"start":{"line":62,"column":55},"end":{"line":79,"column":null}},"19":{"start":{"line":64,"column":36},"end":{"line":67,"column":null}},"20":{"start":{"line":68,"column":10},"end":{"line":77,"column":null}},"21":{"start":{"line":71,"column":40},"end":{"line":71,"column":59}},"22":{"start":{"line":81,"column":6},"end":{"line":81,"column":null}},"23":{"start":{"line":82,"column":22},"end":{"line":82,"column":63}},"24":{"start":{"line":86,"column":24},"end":{"line":88,"column":null}},"25":{"start":{"line":87,"column":18},"end":{"line":87,"column":null}},"26":{"start":{"line":93,"column":4},"end":{"line":105,"column":null}},"27":{"start":{"line":94,"column":6},"end":{"line":104,"column":null}},"28":{"start":{"line":95,"column":8},"end":{"line":102,"column":null}},"29":{"start":{"line":96,"column":10},"end":{"line":101,"column":null}},"30":{"start":{"line":103,"column":8},"end":{"line":103,"column":null}},"31":{"start":{"line":109,"column":4},"end":{"line":109,"column":null}},"32":{"start":{"line":110,"column":4},"end":{"line":110,"column":null}},"33":{"start":{"line":113,"column":4},"end":{"line":113,"column":null}},"34":{"start":{"line":114,"column":4},"end":{"line":114,"column":null}},"35":{"start":{"line":117,"column":4},"end":{"line":117,"column":null}},"36":{"start":{"line":118,"column":4},"end":{"line":118,"column":null}},"37":{"start":{"line":119,"column":4},"end":{"line":119,"column":null}},"38":{"start":{"line":120,"column":4},"end":{"line":120,"column":null}},"39":{"start":{"line":120,"column":28},"end":{"line":120,"column":33}},"40":{"start":{"line":123,"column":2},"end":{"line":145,"column":null}}},"fnMap":{"0":{"name":"App","decl":{"start":{"line":35,"column":9},"end":{"line":35,"column":28}},"loc":{"start":{"line":35,"column":28},"end":{"line":147,"column":null}}},"1":{"name":"(anonymous_1)","decl":{"start":{"line":45,"column":12},"end":{"line":45,"column":18}},"loc":{"start":{"line":45,"column":18},"end":{"line":83,"column":5}}},"2":{"name":"(anonymous_2)","decl":{"start":{"line":55,"column":61},"end":{"line":55,"column":62}},"loc":{"start":{"line":55,"column":70},"end":{"line":58,"column":7}}},"3":{"name":"(anonymous_3)","decl":{"start":{"line":61,"column":11},"end":{"line":61,"column":12}},"loc":{"start":{"line":61,"column":21},"end":{"line":82,"column":5}}},"4":{"name":"(anonymous_4)","decl":{"start":{"line":63,"column":8},"end":{"line":63,"column":9}},"loc":{"start":{"line":63,"column":22},"end":{"line":78,"column":null}}},"5":{"name":"(anonymous_5)","decl":{"start":{"line":71,"column":34},"end":{"line":71,"column":40}},"loc":{"start":{"line":71,"column":40},"end":{"line":71,"column":59}}},"6":{"name":"(anonymous_6)","decl":{"start":{"line":82,"column":13},"end":{"line":82,"column":14}},"loc":{"start":{"line":82,"column":22},"end":{"line":82,"column":63}}},"7":{"name":"(anonymous_7)","decl":{"start":{"line":87,"column":4},"end":{"line":87,"column":5}},"loc":{"start":{"line":87,"column":18},"end":{"line":87,"column":null}}},"8":{"name":"processQuestionClick","decl":{"start":{"line":92,"column":11},"end":{"line":92,"column":32}},"loc":{"start":{"line":92,"column":65},"end":{"line":106,"column":null}}},"9":{"name":"(anonymous_9)","decl":{"start":{"line":93,"column":17},"end":{"line":93,"column":18}},"loc":{"start":{"line":94,"column":6},"end":{"line":104,"column":null}}},"10":{"name":"(anonymous_10)","decl":{"start":{"line":94,"column":15},"end":{"line":94,"column":16}},"loc":{"start":{"line":94,"column":29},"end":{"line":104,"column":7}}},"11":{"name":"startQuiz","decl":{"start":{"line":108,"column":11},"end":{"line":108,"column":29}},"loc":{"start":{"line":108,"column":29},"end":{"line":111,"column":null}}},"12":{"name":"checkAnswers","decl":{"start":{"line":112,"column":11},"end":{"line":112,"column":32}},"loc":{"start":{"line":112,"column":32},"end":{"line":115,"column":null}}},"13":{"name":"playAgain","decl":{"start":{"line":116,"column":11},"end":{"line":116,"column":29}},"loc":{"start":{"line":116,"column":29},"end":{"line":121,"column":null}}},"14":{"name":"(anonymous_14)","decl":{"start":{"line":120,"column":18},"end":{"line":120,"column":19}},"loc":{"start":{"line":120,"column":28},"end":{"line":120,"column":33}}}},"branchMap":{"0":{"loc":{"start":{"line":46,"column":4},"end":{"line":46,"column":null}},"type":"if","locations":[{"start":{"line":46,"column":4},"end":{"line":46,"column":null}},{"start":{},"end":{}}]},"1":{"loc":{"start":{"line":52,"column":4},"end":{"line":59,"column":null}},"type":"if","locations":[{"start":{"line":52,"column":4},"end":{"line":59,"column":null}},{"start":{"line":54,"column":11},"end":{"line":59,"column":null}}]},"2":{"loc":{"start":{"line":56,"column":8},"end":{"line":56,"column":null}},"type":"if","locations":[{"start":{"line":56,"column":8},"end":{"line":56,"column":null}},{"start":{},"end":{}}]},"3":{"loc":{"start":{"line":95,"column":8},"end":{"line":102,"column":null}},"type":"if","locations":[{"start":{"line":95,"column":8},"end":{"line":102,"column":null}},{"start":{},"end":{}}]},"4":{"loc":{"start":{"line":126,"column":7},"end":{"line":126,"column":null}},"type":"binary-expr","locations":[{"start":{"line":126,"column":7},"end":{"line":126,"column":22}},{"start":{"line":126,"column":22},"end":{"line":126,"column":null}}]},"5":{"loc":{"start":{"line":129,"column":7},"end":{"line":134,"column":null}},"type":"binary-expr","locations":[{"start":{"line":129,"column":7},"end":{"line":129,"column":32}},{"start":{"line":129,"column":32},"end":{"line":134,"column":null}}]},"6":{"loc":{"start":{"line":129,"column":32},"end":{"line":134,"column":null}},"type":"cond-expr","locations":[{"start":{"line":130,"column":8},"end":{"line":134,"column":11}},{"start":{"line":134,"column":11},"end":{"line":134,"column":null}}]},"7":{"loc":{"start":{"line":138,"column":7},"end":{"line":143,"column":null}},"type":"binary-expr","locations":[{"start":{"line":138,"column":7},"end":{"line":138,"column":null}},{"start":{"line":139,"column":8},"end":{"line":143,"column":null}}]}},"s":{"0":3,"1":3,"2":3,"3":3,"4":3,"5":3,"6":3,"7":1,"8":0,"9":1,"10":1,"11":1,"12":0,"13":1,"14":1,"15":0,"16":1,"17":1,"18":1,"19":1,"20":1,"21":5,"22":1,"23":0,"24":3,"25":1,"26":0,"27":0,"28":0,"29":0,"30":0,"31":1,"32":1,"33":0,"34":0,"35":0,"36":0,"37":0,"38":0,"39":0,"40":3},"f":{"0":3,"1":1,"2":1,"3":1,"4":1,"5":5,"6":0,"7":1,"8":0,"9":0,"10":0,"11":1,"12":0,"13":0,"14":0},"b":{"0":[0,1],"1":[0,1],"2":[0,1],"3":[0,0],"4":[3,1],"5":[3,2],"6":[1,1],"7":[3,0]}}
,"C:/Users/vipin/OneDrive/Desktop/dev/GIT HUB/Quzical/src/main.tsx": {"path":"C:/Users/vipin/OneDrive/Desktop/dev/GIT HUB/Quzical/src/main.tsx","statementMap":{"0":{"start":{"line":6,"column":0},"end":{"line":10,"column":null}}},"fnMap":{},"branchMap":{},"s":{"0":0},"f":{},"b":{}}
,"C:/Users/vipin/OneDrive/Desktop/dev/GIT HUB/Quzical/src/mock-data.ts": {"path":"C:/Users/vipin/OneDrive/Desktop/dev/GIT HUB/Quzical/src/mock-data.ts","statementMap":{"0":{"start":{"line":3,"column":45},"end":{"line":44,"column":null}}},"fnMap":{},"branchMap":{},"s":{"0":2},"f":{},"b":{}}
,"C:/Users/vipin/OneDrive/Desktop/dev/GIT HUB/Quzical/src/components/StartAnswer.tsx": {"path":"C:/Users/vipin/OneDrive/Desktop/dev/GIT HUB/Quzical/src/components/StartAnswer.tsx","statementMap":{"0":{"start":{"line":26,"column":23},"end":{"line":44,"column":null}},"1":{"start":{"line":27,"column":26},"end":{"line":35,"column":null}},"2":{"start":{"line":28,"column":16},"end":{"line":35,"column":57}},"3":{"start":{"line":37,"column":12},"end":{"line":43,"column":null}},"4":{"start":{"line":51,"column":4},"end":{"line":66,"column":null}}},"fnMap":{"0":{"name":"StartAnswer","decl":{"start":{"line":24,"column":24},"end":{"line":24,"column":36}},"loc":{"start":{"line":24,"column":74},"end":{"line":68,"column":null}}},"1":{"name":"(anonymous_1)","decl":{"start":{"line":26,"column":43},"end":{"line":26,"column":44}},"loc":{"start":{"line":26,"column":59},"end":{"line":44,"column":9}}},"2":{"name":"(anonymous_2)","decl":{"start":{"line":27,"column":47},"end":{"line":27,"column":48}},"loc":{"start":{"line":28,"column":16},"end":{"line":35,"column":57}}}},"branchMap":{"0":{"loc":{"start":{"line":32,"column":45},"end":{"line":32,"column":null}},"type":"binary-expr","locations":[{"start":{"line":32,"column":45},"end":{"line":32,"column":68}},{"start":{"line":32,"column":68},"end":{"line":32,"column":null}}]}},"s":{"0":1,"1":0,"2":0,"3":0,"4":1},"f":{"0":1,"1":0,"2":0},"b":{"0":[0,0]}}
,"C:/Users/vipin/OneDrive/Desktop/dev/GIT HUB/Quzical/src/components/StartQuestion.tsx": {"path":"C:/Users/vipin/OneDrive/Desktop/dev/GIT HUB/Quzical/src/components/StartQuestion.tsx","statementMap":{"0":{"start":{"line":26,"column":6},"end":{"line":26,"column":null}},"1":{"start":{"line":31,"column":23},"end":{"line":52,"column":null}},"2":{"start":{"line":32,"column":22},"end":{"line":40,"column":null}},"3":{"start":{"line":33,"column":12},"end":{"line":40,"column":53}},"4":{"start":{"line":38,"column":31},"end":{"line":38,"column":null}},"5":{"start":{"line":45,"column":8},"end":{"line":51,"column":null}},"6":{"start":{"line":54,"column":4},"end":{"line":66,"column":null}}},"fnMap":{"0":{"name":"StartQuestion","decl":{"start":{"line":23,"column":24},"end":{"line":23,"column":38}},"loc":{"start":{"line":23,"column":78},"end":{"line":68,"column":null}}},"1":{"name":"handleClick","decl":{"start":{"line":25,"column":13},"end":{"line":25,"column":25}},"loc":{"start":{"line":25,"column":54},"end":{"line":27,"column":null}}},"2":{"name":"(anonymous_2)","decl":{"start":{"line":31,"column":43},"end":{"line":31,"column":44}},"loc":{"start":{"line":31,"column":59},"end":{"line":52,"column":5}}},"3":{"name":"(anonymous_3)","decl":{"start":{"line":32,"column":43},"end":{"line":32,"column":44}},"loc":{"start":{"line":33,"column":12},"end":{"line":40,"column":53}}},"4":{"name":"(anonymous_4)","decl":{"start":{"line":38,"column":25},"end":{"line":38,"column":31}},"loc":{"start":{"line":38,"column":31},"end":{"line":38,"column":null}}}},"branchMap":{"0":{"loc":{"start":{"line":35,"column":26},"end":{"line":35,"column":null}},"type":"binary-expr","locations":[{"start":{"line":35,"column":26},"end":{"line":35,"column":48}},{"start":{"line":35,"column":48},"end":{"line":35,"column":null}}]}},"s":{"0":0,"1":2,"2":1,"3":4,"4":0,"5":1,"6":2},"f":{"0":2,"1":0,"2":1,"3":4,"4":0},"b":{"0":[4,0]}}
,"C:/Users/vipin/OneDrive/Desktop/dev/GIT HUB/Quzical/src/components/StartQuiz.tsx": {"path":"C:/Users/vipin/OneDrive/Desktop/dev/GIT HUB/Quzical/src/components/StartQuiz.tsx","statementMap":{"0":{"start":{"line":8,"column":4},"end":{"line":16,"column":null}}},"fnMap":{"0":{"name":"startQuiz","decl":{"start":{"line":7,"column":24},"end":{"line":7,"column":34}},"loc":{"start":{"line":7,"column":69},"end":{"line":18,"column":null}}}},"branchMap":{},"s":{"0":2},"f":{"0":2},"b":{}}
}
